<?xml version="1.0" encoding="UTF-8"?>
<!-- Generated by org.testng.reporters.JUnitXMLReporter -->
<testsuite hostname="ICEN060" ignored="0" name="Test" tests="4" failures="0" timestamp="25 Nov 2018 12:56:47 GMT" time="112.502" errors="0">
  <testcase name="testLoginSuccessful" time="21.607" classname="example.GmailLoginTest"/>
  <testcase name="testLoginUnsuccessfulWrongPassword" time="3.487" classname="example.GmailLoginTest"/>
  <testcase name="testLoginUnsuccessfulWrongUserName" time="0.712" classname="example.GmailLoginTest"/>
  <testcase name="testSendMail" time="21.555" classname="example.GmailSendMailTest"/>
</testsuite> <!-- Test -->
