<?xml version="1.0" encoding="UTF-8"?>
<!-- Generated by org.testng.reporters.JUnitXMLReporter -->
<testsuite hostname="ICEN060" ignored="0" name="Default test" tests="3" failures="0" timestamp="25 Nov 2018 12:23:09 GMT" time="60.634" errors="0">
  <testcase name="testLoginSuccessful" time="21.034" classname="example.GmailLoginTest"/>
  <testcase name="testLoginUnsuccessfulWrongPassword" time="3.287" classname="example.GmailLoginTest"/>
  <testcase name="testLoginUnsuccessfulWrongUserName" time="0.534" classname="example.GmailLoginTest"/>
</testsuite> <!-- Default test -->
