<?xml version="1.0" encoding="UTF-8"?>
<!-- Generated by org.testng.reporters.JUnitXMLReporter -->
<testsuite hostname="ICEN060" ignored="0" name="Test" tests="4" failures="0" timestamp="25 Nov 2018 13:05:10 GMT" time="101.253" errors="0">
  <testcase name="testLoginSuccessful" time="17.011" classname="example.GmailLoginTest"/>
  <testcase name="testLoginUnsuccessfulWrongPassword" time="2.739" classname="example.GmailLoginTest"/>
  <testcase name="testLoginUnsuccessfulWrongUserName" time="0.692" classname="example.GmailLoginTest"/>
  <testcase name="testSendMail" time="24.522" classname="example.GmailSendMailTest"/>
</testsuite> <!-- Test -->
